#
# There is insufficient memory for the Java Runtime Environment to continue.
# Native memory allocation (malloc) failed to allocate 1048576 bytes for AllocateHeap
# Possible reasons:
#   The system is out of physical RAM or swap space
#   In 32 bit mode, the process size limit was hit
# Possible solutions:
#   Reduce memory load on the system
#   Increase physical memory or swap space
#   Check if swap backing store is full
#   Use 64 bit Java on a 64 bit OS
#   Decrease Java heap size (-Xmx/-Xms)
#   Decrease number of Java threads
#   Decrease Java thread stack sizes (-Xss)
#   Set larger code cache with -XX:ReservedCodeCacheSize=
# This output file may be truncated or incomplete.
#
#  Out of Memory Error (memory/allocation.inline.hpp:61), pid=6056, tid=2936
#
# JRE version:  (8.0_45-b15) (build )
# Java VM: Java HotSpot(TM) 64-Bit Server VM (25.45-b02 mixed mode windows-amd64 compressed oops)
# Failed to write core dump. Minidumps are not enabled by default on client versions of Windows
#

---------------  T H R E A D  ---------------

Current thread (0x0000000002053800):  JavaThread "Unknown thread" [_thread_in_vm, id=2936, stack(0x00000000024b0000,0x00000000025b0000)]

Stack: [0x00000000024b0000,0x00000000025b0000]
Native frames: (J=compiled Java code, j=interpreted, Vv=VM code, C=native code)
V  [jvm.dll+0x32b57a]
V  [jvm.dll+0x279873]
V  [jvm.dll+0x27a509]
V  [jvm.dll+0x271825]
V  [jvm.dll+0x1606]
V  [jvm.dll+0x270892]
V  [jvm.dll+0x3eee4a]
V  [jvm.dll+0x3ea7a7]
V  [jvm.dll+0xf2cf2]
V  [jvm.dll+0x20f0c9]
V  [jvm.dll+0x240e0a]
V  [jvm.dll+0x15ba41]
C  [javaw.exe+0x217e]
C  [javaw.exe+0xcd17]
C  [javaw.exe+0xcdab]
C  [kernel32.dll+0x15a4d]
C  [ntdll.dll+0x2b831]


---------------  P R O C E S S  ---------------

Java Threads: ( => current thread )

Other Threads:

=>0x0000000002053800 (exited) JavaThread "Unknown thread" [_thread_in_vm, id=2936, stack(0x00000000024b0000,0x00000000025b0000)]

VM state:not at safepoint (normal execution)

VM Mutex/Monitor currently owned by a thread: None

Heap:
 PSYoungGen      total 18944K, used 327K [0x00000000eb000000, 0x00000000ec500000, 0x0000000100000000)
  eden space 16384K, 2% used [0x00000000eb000000,0x00000000eb051ec8,0x00000000ec000000)
  from space 2560K, 0% used [0x00000000ec280000,0x00000000ec280000,0x00000000ec500000)
  to   space 2560K, 0% used [0x00000000ec000000,0x00000000ec000000,0x00000000ec280000)
 ParOldGen       total 44032K, used 0K [0x00000000c1000000, 0x00000000c3b00000, 0x00000000eb000000)
  object space 44032K, 0% used [0x00000000c1000000,0x00000000c1000000,0x00000000c3b00000)
 Metaspace       used 749K, capacity 1092K, committed 1152K, reserved 1060864K
  class space    used 75K, capacity 384K, committed 384K, reserved 1048576K

Card table byte_map: [0x0000000011970000,0x0000000011b70000] byte_map_base: 0x0000000011368000

Marking Bits: (ParMarkBitMap*) 0x0000000059214040
 Begin Bits: [0x0000000011ff0000, 0x0000000012fb0000)
 End Bits:   [0x0000000012fb0000, 0x0000000013f70000)

Polling page: 0x0000000000140000

CodeCache: size=245760Kb used=326Kb max_used=326Kb free=245433Kb
 bounds [0x00000000025b0000, 0x0000000002820000, 0x00000000115b0000]
 total_blobs=55 nmethods=0 adapters=37
 compilation: enabled

Compilation events (0 events):
No events

GC Heap History (0 events):
No events

Deoptimization events (0 events):
No events

Internal exceptions (0 events):
No events

Events (10 events):
Event: 0.039 loading class java/lang/Short
Event: 0.039 loading class java/lang/Short done
Event: 0.039 loading class java/lang/Integer
Event: 0.039 loading class java/lang/Integer done
Event: 0.039 loading class java/lang/Long
Event: 0.039 loading class java/lang/Long done
Event: 0.040 loading class java/lang/NullPointerException
Event: 0.040 loading class java/lang/NullPointerException done
Event: 0.040 loading class java/lang/ArithmeticException
Event: 0.040 loading class java/lang/ArithmeticException done


Dynamic libraries:
0x000000013fa00000 - 0x000000013fa37000 	C:\Program Files\Java\jre1.8.0_45\bin\javaw.exe
0x0000000077c60000 - 0x0000000077e09000 	C:\Windows\SYSTEM32\ntdll.dll
0x0000000077a40000 - 0x0000000077b60000 	C:\Windows\system32\kernel32.dll
0x000007fefdbe0000 - 0x000007fefdc4c000 	C:\Windows\system32\KERNELBASE.dll
0x000007fefdea0000 - 0x000007fefdf7b000 	C:\Windows\system32\ADVAPI32.dll
0x000007fefe3c0000 - 0x000007fefe45f000 	C:\Windows\system32\msvcrt.dll
0x000007feffcf0000 - 0x000007feffd0f000 	C:\Windows\SYSTEM32\sechost.dll
0x000007fefe1b0000 - 0x000007fefe2dd000 	C:\Windows\system32\RPCRT4.dll
0x0000000077b60000 - 0x0000000077c5a000 	C:\Windows\system32\USER32.dll
0x000007feffc60000 - 0x000007feffcc7000 	C:\Windows\system32\GDI32.dll
0x000007fefecc0000 - 0x000007fefecce000 	C:\Windows\system32\LPK.dll
0x000007fefed80000 - 0x000007fefee4a000 	C:\Windows\system32\USP10.dll
0x000007fefc300000 - 0x000007fefc4f4000 	C:\Windows\WinSxS\amd64_microsoft.windows.common-controls_6595b64144ccf1df_6.0.7601.18837_none_fa3b1e3d17594757\COMCTL32.dll
0x000007feffbe0000 - 0x000007feffc51000 	C:\Windows\system32\SHLWAPI.dll
0x000007fefff40000 - 0x000007fefff6e000 	C:\Windows\system32\IMM32.DLL
0x000007fefe6d0000 - 0x000007fefe7d9000 	C:\Windows\system32\MSCTF.dll
0x000000006d170000 - 0x000000006d242000 	C:\Program Files\Java\jre1.8.0_45\bin\msvcr100.dll
0x0000000058a10000 - 0x0000000059293000 	C:\Program Files\Java\jre1.8.0_45\bin\server\jvm.dll
0x000007fefc990000 - 0x000007fefc999000 	C:\Windows\system32\WSOCK32.dll
0x000007fefe160000 - 0x000007fefe1ad000 	C:\Windows\system32\WS2_32.dll
0x000007fefed70000 - 0x000007fefed78000 	C:\Windows\system32\NSI.dll
0x000007fefaf80000 - 0x000007fefafbb000 	C:\Windows\system32\WINMM.dll
0x000007fefcad0000 - 0x000007fefcadc000 	C:\Windows\system32\VERSION.dll
0x0000000077e30000 - 0x0000000077e37000 	C:\Windows\system32\PSAPI.DLL
0x00000000739e0000 - 0x00000000739ef000 	C:\Program Files\Java\jre1.8.0_45\bin\verify.dll
0x0000000073560000 - 0x0000000073589000 	C:\Program Files\Java\jre1.8.0_45\bin\java.dll
0x0000000073920000 - 0x0000000073936000 	C:\Program Files\Java\jre1.8.0_45\bin\zip.dll
0x000007fefb750000 - 0x000007fefb875000 	C:\Windows\system32\dbghelp.dll

VM Arguments:
jvm_args: -Dfile.encoding=GBK 
java_command: org.deri.nettopo.app.NetTopoApp 2
java_class_path (initial): C:\Users\sun\Desktop\2016上半年work\NetTopo_ChunWu_new\classes;C:\Users\sun\Desktop\2016上半年work\NetTopo_ChunWu_new\lib\org.eclipse.core.commands_3.2.0.I20060605-1400.jar;C:\Users\sun\Desktop\2016上半年work\NetTopo_ChunWu_new\lib\org.eclipse.equinox.common_3.2.0.v20060603.jar;C:\Users\sun\Desktop\2016上半年work\NetTopo_ChunWu_new\lib\org.eclipse.jface_3.2.2.M20061214-1200.jar;C:\Users\sun\Desktop\2016上半年work\NetTopo_ChunWu_new\lib\Jama-1.0.2.jar;C:\Users\sun\Desktop\2016上半年work\NetTopo_ChunWu_new\lib\jdom-1.0.jar;C:\Users\sun\Desktop\2016上半年work\NetTopo_ChunWu_new\lib\rome-0.9.jar;C:\Users\sun\Desktop\2016上半年work\NetTopo_ChunWu_new\lib\j3dcore.jar;C:\Users\sun\Desktop\2016上半年work\NetTopo_ChunWu_new\lib\j3dutils.jar;C:\Users\sun\Desktop\2016上半年work\NetTopo_ChunWu_new\lib\vecmath.jar;C:\Users\sun\Desktop\2016上半年work\NetTopo_ChunWu_new\lib\jcommon-1.0.16.jar;C:\Users\sun\Desktop\2016上半年work\NetTopo_ChunWu_new\lib\jfreechart-1.0.9.jar;C:\Users\sun\Desktop\2016上半年work\NetTopo_ChunWu_new\lib\dom4j-1.6.1.jar;C:\Users\sun\Desktop\2016上半年work\NetTopo_ChunWu_new\lib\org.eclipse.swt.win32.win32.x86_3.2.2.v3236.jar;C:\Users\sun\Desktop\2016上半年work\NetTopo_ChunWu_new\hadooplib\activation-1.1.jar;C:\Users\sun\Desktop\2016上半年work\NetTopo_ChunWu_new\hadooplib\apacheds-i18n-2.0.0-M15.jar;C:\Users\sun\Desktop\2016上半年work\NetTopo_ChunWu_new\hadooplib\apacheds-kerberos-codec-2.0.0-M15.jar;C:\Users\sun\Desktop\2016上半年work\NetTopo_ChunWu_new\hadooplib\api-asn1-api-1.0.0-M20.jar;C:\Users\sun\Desktop\2016上半年work\NetTopo_ChunWu_new\hadooplib\api-util-1.0.0-M20.jar;C:\Users\sun\Desktop\2016上半年work\NetTopo_ChunWu_new\hadooplib\asm-3.2.jar;C:\Users\sun\Desktop\2016上半年work\NetTopo_ChunWu_new\hadooplib\avro-1.7.4.jar;C:\Users\sun\Desktop\2016上半年work\NetTopo_ChunWu_new\hadooplib\commons-beanutils-1.7.0.jar;C:\Users\sun\Desktop\2016上半年work\NetTopo_ChunWu_new\hadooplib\commons-beanutils-core-1.8.0.jar;C:\Users\s
Launcher Type: SUN_STANDARD

Environment Variables:
JAVA_HOME=C:\Program Files\Java\jdk1.8.0_45
CLASSPATH=.;C:\Program Files\Java\jdk1.8.0_45\lib;C:\Program Files\Java\jdk1.8.0_45\lib\tools.jar
PATH=C:/Program Files/Java/jre1.8.0_45/bin/server;C:/Program Files/Java/jre1.8.0_45/bin;C:/Program Files/Java/jre1.8.0_45/lib/amd64;C:\ProgramData\Oracle\Java\javapath;C:\Program Files\Tecplot\TecFocus 2013R1\Bin;C:\Program Files (x86)\Microsoft SQL Server\110\DTS\Binn\;C:\Program Files\Microsoft SQL Server\110\DTS\Binn\;C:\Program Files\Java\jdk1.8.0_45\bin;C:\Program Files\Java\jdk1.8.0_45\jre\bin;C:\Windows\system32;C:\Qt\Qt5.4.0\5.4\mingw491_32\bin;C:\CTEX\UserData\miktex\bin;C:\CTEX\MiKTeX\miktex\bin;C:\CTEX\CTeX\ctex\bin;C:\CTEX\CTeX\cct\bin;C:\CTEX\CTeX\ty\bin;C:\CTEX\Ghostscript\gs9.05\bin;C:\CTEX\GSview\gsview;C:\CTEX\WinEdt;D:\Matlab R2010b\runtime\win64;D:\Matlab R2010b\bin;C:\Sqlite;C:\Qt\Qt5.4.0\5.4\mingw491_32\bin;C:\opencv\build\x86\vc10\bin;C:\opencv\build\x64\vc10\bin;E:\NetTopo\eclipse-standard-luna-R-win32-x86_64\eclipse;
USERNAME=sun
OS=Windows_NT
PROCESSOR_IDENTIFIER=Intel64 Family 6 Model 23 Stepping 10, GenuineIntel



---------------  S Y S T E M  ---------------

OS: Windows 7 , 64 bit Build 7601 (6.1.7601.19045)

CPU:total 2 (2 cores per cpu, 1 threads per core) family 6 model 23 stepping 10, cmov, cx8, fxsr, mmx, sse, sse2, sse3, ssse3, sse4.1, tsc

Memory: 4k page, physical 4126360k(643392k free), swap 4124524k(12844k free)

vm_info: Java HotSpot(TM) 64-Bit Server VM (25.45-b02) for windows-amd64 JRE (1.8.0_45-b15), built on Apr 30 2015 12:40:44 by "java_re" with MS VC++ 10.0 (VS2010)

time: Fri Jun 24 15:04:57 2016
elapsed time: 0 seconds (0d 0h 0m 0s)

