#
# A fatal error has been detected by the Java Runtime Environment:
#
#  SIGSEGV (0xb) at pc=0x000000012721cce9, pid=4024, tid=0x0000000000002c03
#
# JRE version: Java(TM) SE Runtime Environment (8.0_101-b13) (build 1.8.0_101-b13)
# Java VM: Java HotSpot(TM) 64-Bit Server VM (25.101-b13 mixed mode bsd-amd64 compressed oops)
# Problematic frame:
# C  [libswt-cocoa-4527.jnilib+0x25ce9]  callback+0x297
#
# Failed to write core dump. Core dumps have been disabled. To enable core dumping, try "ulimit -c unlimited" before starting Java again
#
# If you would like to submit a bug report, please visit:
#   http://bugreport.java.com/bugreport/crash.jsp
#

---------------  T H R E A D  ---------------

Current thread (0x00007fd62b82d000):  VMThread [stack: 0x0000700000526000,0x0000700000626000] [id=11267]

siginfo: si_signo: 11 (SIGSEGV), si_code: 1 (SEGV_MAPERR), si_addr: 0x0000000000000078

Registers:
RAX=0x0000000000000000, RBX=0x00007fd62cfd2980, RCX=0x0000700000625764, RDX=0x0000000000000001
RSP=0x0000700000625790, RBP=0x00007000006258c0, RSI=0x0000000000000000, RDI=0x0000000000000000
R8 =0x0000000000000007, R9 =0x00007fd62ce0dd90, R10=0x00007fd62aaa9500, R11=0x00007fd62a532870
R12=0x00007fff92af94c0, R13=0x00007fff92af94c0, R14=0x0000000000000000, R15=0x0000000000000000
RIP=0x000000012721cce9, EFLAGS=0x0000000000010202, ERR=0x0000000000000004
  TRAPNO=0x000000000000000e

Top of Stack: (sp=0x0000700000625790)
0x0000700000625790:   000000012721cadb 00007fff75c602e0
0x00007000006257a0:   00007fff75c602d8 0000000072ff4208
0x00007000006257b0:   00007fff855ab277 00007fff84cf8ae4
0x00007000006257c0:   0000000000000000 00007fd62b82d1f8
0x00007000006257d0:   00007fd62a736f28 00007fd62a712f08
0x00007000006257e0:   0000000200010000 0000000000000000
0x00007000006257f0:   0000700000625850 00007fff00000000
0x0000700000625800:   00007fd62cefc080 00007fd62ce46440
0x0000700000625810:   00007fd62cfd9ef0 00007fd62a45f660
0x0000700000625820:   00007fff855acc70 0000000000000000
0x0000700000625830:   0000000000000007 00007fd62ce0dd90
0x0000700000625840:   0000000000000000 00000000000000e0
0x0000700000625850:   0000700000625920 00007fff92af9591
0x0000700000625860:   00007fd62ce0dd90 0000000000000007
0x0000700000625870:   0000000000000000 0000000000000000
0x0000700000625880:   00007fff855ab277 00007fd62cfd2980
0x0000700000625890:   00007fd62cfd2d10 00007fff759e84b0
0x00007000006258a0:   0000000000000000 0000000000000000
0x00007000006258b0:   0000000000000000 0000000000000000
0x00007000006258c0:   00007000006258e0 00000001271fb25e
0x00007000006258d0:   00007fff855acc70 00007fd62a45f660
0x00007000006258e0:   0000700000625920 00007fff84cf8b5a
0x00007000006258f0:   0000000000000000 0000000000000000
0x0000700000625900:   0000700000625990 00000000000000f8
0x0000700000625910:   0000000000000000 00000000000000e0
0x0000700000625920:   0000700000625960 00007fff84e6b346
0x0000700000625930:   0000000000000000 00007fd62cfd2980
0x0000700000625940:   00000000000000f8 00007fff92af94c0
0x0000700000625950:   0000000000000000 00007fff75d1e480
0x0000700000625960:   00007000006259e0 00007fff84e6b115
0x0000700000625970:   0000000000000000 0000000000000000
0x0000700000625980:   0000000000000000 0000000000000000 

Instructions: (pc=0x000000012721cce9)
0x000000012721ccc9:   ff ff 01 00 00 00 48 8b 85 08 ff ff ff 48 85 c0
0x000000012721ccd9:   0f 84 9f 03 00 00 48 8b 85 08 ff ff ff 48 8b 00
0x000000012721cce9:   48 8b 40 78 48 8b bd 08 ff ff ff ff d0 48 89 85
0x000000012721ccf9:   30 ff ff ff 48 83 bd 30 ff ff ff 00 74 26 48 8b 

Register to memory mapping:

RAX=0x0000000000000000 is an unknown value
RBX=0x00007fd62cfd2980 is an unknown value
RCX=0x0000700000625764 is an unknown value
RDX=0x0000000000000001 is an unknown value
RSP=0x0000700000625790 is an unknown value
RBP=0x00007000006258c0 is an unknown value
RSI=0x0000000000000000 is an unknown value
RDI=0x0000000000000000 is an unknown value
R8 =0x0000000000000007 is an unknown value
R9 =0x00007fd62ce0dd90 is an unknown value
R10=0x00007fd62aaa9500 is an unknown value
R11=0x00007fd62a532870 is an unknown value
R12=0x00007fff92af94c0: objc_msgSend+0 in /usr/lib/libobjc.A.dylib at 0x00007fff92af8000
R13=0x00007fff92af94c0: objc_msgSend+0 in /usr/lib/libobjc.A.dylib at 0x00007fff92af8000
R14=0x0000000000000000 is an unknown value
R15=0x0000000000000000 is an unknown value


Stack: [0x0000700000526000,0x0000700000626000],  sp=0x0000700000625790,  free space=1021k
Native frames: (J=compiled Java code, j=interpreted, Vv=VM code, C=native code)
C  [libswt-cocoa-4527.jnilib+0x25ce9]  callback+0x297
C  [libswt-cocoa-4527.jnilib+0x425e]  fn0_2+0x27
C  [AppKit+0x18ab5a]  -[NSWindow orderWindow:relativeTo:]+0x76
C  [AppKit+0x2fd346]  __18-[NSWindow _close]_block_invoke+0x1eb
C  [AppKit+0x2fd115]  -[NSWindow _close]+0x176
C  [FinderKit+0xa649b]  -[FI_TFloatingInputWindowController dealloc]+0x3b
C  [libobjc.A.dylib+0x8288]  _ZN11objc_object17sidetable_releaseEb+0xf2
C  [AppKit+0x58995]  -[NSWindowController release]+0x9a
C  [FinderKit+0xa6d3a]  _ZN4TRefIP33FI_TFloatingInputWindowController23OBJCRetainReleasePolicyIS1_EED2Ev+0xc
C  [libsystem_c.dylib+0x5f463]  __cxa_finalize_ranges+0x159
C  [libsystem_c.dylib+0x5f767]  exit+0x37
V  [libjvm.dylib+0x2eb66a]
V  [libjvm.dylib+0x5b64c9]
V  [libjvm.dylib+0x5b4b35]
V  [libjvm.dylib+0x5b4f82]
V  [libjvm.dylib+0x5b48a1]
V  [libjvm.dylib+0x48933a]
C  [libsystem_pthread.dylib+0x399d]  _pthread_body+0x83
C  [libsystem_pthread.dylib+0x391a]  _pthread_body+0x0
C  [libsystem_pthread.dylib+0x1351]  thread_start+0xd

VM_Operation (0x00007fff523cf0e8): Exit, mode: safepoint, requested by thread 0x00007fd62c002000


---------------  P R O C E S S  ---------------

Java Threads: ( => current thread )
  0x00007fd62a991800 JavaThread "Timer-0" [_thread_blocked, id=74907, stack(0x0000700001153000,0x0000700001253000)]
  0x00007fd62b082000 JavaThread "Service Thread" daemon [_thread_blocked, id=17923, stack(0x0000700000d41000,0x0000700000e41000)]
  0x00007fd62a810000 JavaThread "C1 CompilerThread2" daemon [_thread_blocked, id=17411, stack(0x0000700000c3e000,0x0000700000d3e000)]
  0x00007fd62a80f000 JavaThread "C2 CompilerThread1" daemon [_thread_blocked, id=16899, stack(0x0000700000b3b000,0x0000700000c3b000)]
  0x00007fd62b840800 JavaThread "C2 CompilerThread0" daemon [_thread_blocked, id=16387, stack(0x0000700000a38000,0x0000700000b38000)]
  0x00007fd62b069000 JavaThread "Signal Dispatcher" daemon [_thread_blocked, id=13839, stack(0x0000700000935000,0x0000700000a35000)]
  0x00007fd62a809000 JavaThread "Finalizer" daemon [_thread_blocked, id=12291, stack(0x000070000072c000,0x000070000082c000)]
  0x00007fd62b831800 JavaThread "Reference Handler" daemon [_thread_blocked, id=11779, stack(0x0000700000629000,0x0000700000729000)]
  0x00007fd62c002000 JavaThread "main" [_thread_blocked, id=2571, stack(0x00007fff51bd7000,0x00007fff523d7000)]

Other Threads:
=>0x00007fd62b82d000 VMThread [stack: 0x0000700000526000,0x0000700000626000] [id=11267]

VM state:at safepoint (shutting down)

VM Mutex/Monitor currently owned by a thread:  ([mutex/lock_event])
[0x00007fd62a70e5b0] Threads_lock - owner thread: 0x00007fd62b82d000

Heap:
 PSYoungGen      total 38400K, used 28061K [0x0000000795580000, 0x0000000798000000, 0x00000007c0000000)
  eden space 33280K, 72% used [0x0000000795580000,0x0000000796d05448,0x0000000797600000)
  from space 5120K, 77% used [0x0000000797600000,0x00000007979e1fe8,0x0000000797b00000)
  to   space 5120K, 0% used [0x0000000797b00000,0x0000000797b00000,0x0000000798000000)
 ParOldGen       total 87552K, used 8K [0x0000000740000000, 0x0000000745580000, 0x0000000795580000)
  object space 87552K, 0% used [0x0000000740000000,0x0000000740002000,0x0000000745580000)
 Metaspace       used 10665K, capacity 10866K, committed 11136K, reserved 1058816K
  class space    used 1265K, capacity 1349K, committed 1408K, reserved 1048576K

Card table byte_map: [0x000000011ef5d000,0x000000011f35e000] byte_map_base: 0x000000011b55d000

Marking Bits: (ParMarkBitMap*) 0x000000010f4edd20
 Begin Bits: [0x000000011f609000, 0x0000000121609000)
 End Bits:   [0x0000000121609000, 0x0000000123609000)

Polling page: 0x000000010e38d000

CodeCache: size=245760Kb used=4923Kb max_used=4932Kb free=240836Kb
 bounds [0x000000010fb9d000, 0x000000011007d000, 0x000000011eb9d000]
 total_blobs=1708 nmethods=1273 adapters=347
 compilation: enabled

Compilation events (10 events):
Event: 60.525 Thread 0x00007fd62a810000 1324   !   3       org.eclipse.swt.graphics.GC::drawLine (219 bytes)
Event: 60.526 Thread 0x00007fd62a810000 nmethod 1324 0x000000011006b590 code [0x000000011006b820, 0x000000011006c608]
Event: 60.535 Thread 0x00007fd62a810000 1325       3       org.eclipse.swt.graphics.GC::destroy (326 bytes)
Event: 60.536 Thread 0x00007fd62a810000 nmethod 1325 0x000000011006ce90 code [0x000000011006d120, 0x000000011006e378]
Event: 60.538 Thread 0x00007fd62a80f000 1326       4       org.eclipse.swt.widgets.Widget::hooks (18 bytes)
Event: 60.540 Thread 0x00007fd62a80f000 nmethod 1326 0x0000000110071850 code [0x00000001100719a0, 0x0000000110071af8]
Event: 60.566 Thread 0x00007fd62a810000 1327       1       org.eclipse.jface.viewers.TableViewer::getControl (5 bytes)
Event: 60.566 Thread 0x00007fd62a810000 nmethod 1327 0x0000000110071590 code [0x00000001100716e0, 0x00000001100717f0]
Event: 60.588 Thread 0x00007fd62a810000 1328       3       org.eclipse.swt.internal.cocoa.NSFont::<init> (6 bytes)
Event: 60.589 Thread 0x00007fd62a810000 nmethod 1328 0x0000000110071050 code [0x00000001100711c0, 0x0000000110071430]

GC Heap History (2 events):
Event: 2.952 GC heap before
{Heap before GC invocations=1 (full 0):
 PSYoungGen      total 38400K, used 33280K [0x0000000795580000, 0x0000000798000000, 0x00000007c0000000)
  eden space 33280K, 100% used [0x0000000795580000,0x0000000797600000,0x0000000797600000)
  from space 5120K, 0% used [0x0000000797b00000,0x0000000797b00000,0x0000000798000000)
  to   space 5120K, 0% used [0x0000000797600000,0x0000000797600000,0x0000000797b00000)
 ParOldGen       total 87552K, used 0K [0x0000000740000000, 0x0000000745580000, 0x0000000795580000)
  object space 87552K, 0% used [0x0000000740000000,0x0000000740000000,0x0000000745580000)
 Metaspace       used 7886K, capacity 8772K, committed 8960K, reserved 1056768K
  class space    used 963K, capacity 1008K, committed 1024K, reserved 1048576K
Event: 2.957 GC heap after
Heap after GC invocations=1 (full 0):
 PSYoungGen      total 38400K, used 3975K [0x0000000795580000, 0x0000000798000000, 0x00000007c0000000)
  eden space 33280K, 0% used [0x0000000795580000,0x0000000795580000,0x0000000797600000)
  from space 5120K, 77% used [0x0000000797600000,0x00000007979e1fe8,0x0000000797b00000)
  to   space 5120K, 0% used [0x0000000797b00000,0x0000000797b00000,0x0000000798000000)
 ParOldGen       total 87552K, used 8K [0x0000000740000000, 0x0000000745580000, 0x0000000795580000)
  object space 87552K, 0% used [0x0000000740000000,0x0000000740002000,0x0000000745580000)
 Metaspace       used 7886K, capacity 8772K, committed 8960K, reserved 1056768K
  class space    used 963K, capacity 1008K, committed 1024K, reserved 1048576K
}

Deoptimization events (10 events):
Event: 9.715 Thread 0x00007fd62c002000 Uncommon trap: reason=unstable_if action=reinterpret pc=0x000000010fea0b98 method=org.eclipse.swt.widgets.Control.getDrawing()Z @ 4
Event: 9.732 Thread 0x00007fd62c002000 Uncommon trap: reason=unstable_if action=reinterpret pc=0x000000010fec3d58 method=org.eclipse.swt.widgets.Control.isTransparent()Z @ 4
Event: 9.751 Thread 0x00007fd62c002000 Uncommon trap: reason=unstable_if action=reinterpret pc=0x000000010feb2468 method=org.eclipse.swt.widgets.Display.windowProc(JJJ)J @ 1348
Event: 31.198 Thread 0x00007fd62c002000 Uncommon trap: reason=unstable_if action=reinterpret pc=0x000000010fdd17a0 method=java.lang.CharacterData.of(I)Ljava/lang/CharacterData; @ 4
Event: 34.421 Thread 0x00007fd62c002000 Uncommon trap: reason=unstable_if action=reinterpret pc=0x000000010ff48fe8 method=java.lang.String.substring(I)Ljava/lang/String; @ 35
Event: 34.479 Thread 0x00007fd62c002000 Uncommon trap: reason=unstable_if action=reinterpret pc=0x000000010fd5fd44 method=java.lang.String.replace(CC)Ljava/lang/String; @ 26
Event: 34.481 Thread 0x00007fd62c002000 Uncommon trap: reason=unstable_if action=reinterpret pc=0x000000010fd850bc method=java.util.Properties$LineReader.readLine()I @ 323
Event: 34.487 Thread 0x00007fd62c002000 Uncommon trap: reason=unstable_if action=reinterpret pc=0x000000010fddd408 method=java.lang.String.indexOf([CII[CIII)I @ 3
Event: 42.407 Thread 0x00007fd62c002000 Uncommon trap: reason=unstable_if action=reinterpret pc=0x000000010ff52bc8 method=org.eclipse.swt.widgets.Display.windowProc(JJJ)J @ 1664
Event: 42.409 Thread 0x00007fd62c002000 Uncommon trap: reason=unstable_if action=reinterpret pc=0x000000010ff5cae0 method=org.eclipse.swt.widgets.Display.windowProc(JJ)J @ 528

Internal exceptions (10 events):
Event: 0.802 Thread 0x00007fd62c002000 Exception <a 'java/lang/ClassNotFoundException': org/apache/log4j/AppenderSkeletonBeanInfo> (0x0000000796aa85b0) thrown at [/HUDSON3/workspace/8-2-build-macosx-x86_64/jdk8u101/7261/hotspot/src/share/vm/classfile/systemDictionary.cpp, line 210]
Event: 0.803 Thread 0x00007fd62c002000 Exception <a 'java/lang/ClassNotFoundException': org/apache/log4j/AppenderSkeletonCustomizer> (0x0000000796abf720) thrown at [/HUDSON3/workspace/8-2-build-macosx-x86_64/jdk8u101/7261/hotspot/src/share/vm/classfile/systemDictionary.cpp, line 210]
Event: 0.805 Thread 0x00007fd62c002000 Exception <a 'java/lang/ClassNotFoundException': org/apache/log4j/WriterAppenderCustomizer> (0x0000000796aedf80) thrown at [/HUDSON3/workspace/8-2-build-macosx-x86_64/jdk8u101/7261/hotspot/src/share/vm/classfile/systemDictionary.cpp, line 210]
Event: 0.807 Thread 0x00007fd62c002000 Exception <a 'java/lang/ClassNotFoundException': org/apache/log4j/FileAppenderCustomizer> (0x0000000796b0fb68) thrown at [/HUDSON3/workspace/8-2-build-macosx-x86_64/jdk8u101/7261/hotspot/src/share/vm/classfile/systemDictionary.cpp, line 210]
Event: 0.810 Thread 0x00007fd62c002000 Exception <a 'java/lang/ClassNotFoundException': org/apache/log4j/RollingFileAppenderCustomizer> (0x0000000796b33f10) thrown at [/HUDSON3/workspace/8-2-build-macosx-x86_64/jdk8u101/7261/hotspot/src/share/vm/classfile/systemDictionary.cpp, line 210]
Event: 0.812 Thread 0x00007fd62c002000 Implicit null exception at 0x000000010fd8c9b5 to 0x000000010fd8cd21
Event: 34.451 Thread 0x00007fd62c002000 Exception <a 'java/lang/NoSuchFieldError': method resolution failed> (0x0000000795e24d10) thrown at [/HUDSON3/workspace/8-2-build-macosx-x86_64/jdk8u101/7261/hotspot/src/share/vm/prims/methodHandles.cpp, line 1146]
Event: 34.453 Thread 0x00007fd62c002000 Exception <a 'java/lang/NoSuchFieldError': method resolution failed> (0x0000000795e324e8) thrown at [/HUDSON3/workspace/8-2-build-macosx-x86_64/jdk8u101/7261/hotspot/src/share/vm/prims/methodHandles.cpp, line 1146]
Event: 34.479 Thread 0x00007fd62c002000 Exception <a 'java/lang/NoSuchMethodError': <clinit>> (0x0000000795ee67b0) thrown at [/HUDSON3/workspace/8-2-build-macosx-x86_64/jdk8u101/7261/hotspot/src/share/vm/prims/jni.cpp, line 1613]
Event: 34.497 Thread 0x00007fd62c002000 Exception <a 'java/lang/NoSuchMethodError': <clinit>> (0x0000000795f4aa90) thrown at [/HUDSON3/workspace/8-2-build-macosx-x86_64/jdk8u101/7261/hotspot/src/share/vm/prims/jni.cpp, line 1613]

Events (10 events):
Event: 60.566 Executing VM operation: RevokeBias done
Event: 61.684 loading class java/util/IdentityHashMap$KeySet
Event: 61.684 loading class java/util/IdentityHashMap$KeySet done
Event: 61.684 loading class java/util/IdentityHashMap$KeyIterator
Event: 61.684 loading class java/util/IdentityHashMap$IdentityHashMapIterator
Event: 61.685 loading class java/util/IdentityHashMap$IdentityHashMapIterator done
Event: 61.685 loading class java/util/IdentityHashMap$KeyIterator done
Event: 61.685 Thread 0x00007fd62bc12000 Thread added: 0x00007fd62bc12000
Event: 61.685 Thread 0x00007fd62bc12000 Thread exited: 0x00007fd62bc12000
Event: 61.685 Executing VM operation: Exit


Dynamic libraries:
0x000000000266e000 	/System/Library/Frameworks/Cocoa.framework/Versions/A/Cocoa
0x000000010d847000 	/System/Library/Frameworks/Security.framework/Versions/A/Security
0x000000000266e000 	/System/Library/Frameworks/ApplicationServices.framework/Versions/A/ApplicationServices
0x000000000266e000 	/usr/lib/libz.1.dylib
0x000000000266e000 	/usr/lib/libSystem.B.dylib
0x000000000266e000 	/usr/lib/libobjc.A.dylib
0x000000000266e000 	/System/Library/Frameworks/CoreFoundation.framework/Versions/A/CoreFoundation
0x000000000266e000 	/System/Library/Frameworks/Foundation.framework/Versions/C/Foundation
0x000000000266e000 	/System/Library/Frameworks/AppKit.framework/Versions/C/AppKit
0x000000000266e000 	/System/Library/Frameworks/CoreData.framework/Versions/A/CoreData
0x000000000266e000 	/System/Library/PrivateFrameworks/RemoteViewServices.framework/Versions/A/RemoteViewServices
0x000000000266e000 	/System/Library/PrivateFrameworks/UIFoundation.framework/Versions/A/UIFoundation
0x000000000266e000 	/usr/lib/libScreenReader.dylib
0x000000000266e000 	/System/Library/Frameworks/Accelerate.framework/Versions/A/Accelerate
0x000000000266e000 	/System/Library/Frameworks/IOSurface.framework/Versions/A/IOSurface
0x000000000266e000 	/System/Library/Frameworks/AudioToolbox.framework/Versions/A/AudioToolbox
0x000000000266e000 	/System/Library/Frameworks/AudioUnit.framework/Versions/A/AudioUnit
0x000000000266e000 	/System/Library/PrivateFrameworks/DataDetectorsCore.framework/Versions/A/DataDetectorsCore
0x000000000266e000 	/System/Library/PrivateFrameworks/DesktopServicesPriv.framework/Versions/A/DesktopServicesPriv
0x000000000266e000 	/System/Library/Frameworks/Carbon.framework/Versions/A/Frameworks/HIToolbox.framework/Versions/A/HIToolbox
0x000000000266e000 	/System/Library/Frameworks/QuartzCore.framework/Versions/A/QuartzCore
0x000000000266e000 	/System/Library/Frameworks/Carbon.framework/Versions/A/Frameworks/SpeechRecognition.framework/Versions/A/SpeechRecognition
0x000000000266e000 	/usr/lib/libauto.dylib
0x000000000266e000 	/usr/lib/libicucore.A.dylib
0x000000000266e000 	/usr/lib/libxml2.2.dylib
0x000000000266e000 	/System/Library/PrivateFrameworks/CoreUI.framework/Versions/A/CoreUI
0x000000000266e000 	/System/Library/Frameworks/CoreAudio.framework/Versions/A/CoreAudio
0x000000000266e000 	/System/Library/Frameworks/DiskArbitration.framework/Versions/A/DiskArbitration
0x000000000266e000 	/usr/lib/liblangid.dylib
0x000000000266e000 	/System/Library/PrivateFrameworks/MultitouchSupport.framework/Versions/A/MultitouchSupport
0x000000000266e000 	/System/Library/Frameworks/IOKit.framework/Versions/A/IOKit
0x000000000266e000 	/usr/lib/libDiagnosticMessagesClient.dylib
0x000000000266e000 	/System/Library/Frameworks/CoreServices.framework/Versions/A/CoreServices
0x000000000266e000 	/System/Library/PrivateFrameworks/PerformanceAnalysis.framework/Versions/A/PerformanceAnalysis
0x000000000266e000 	/System/Library/PrivateFrameworks/GenerationalStorage.framework/Versions/A/GenerationalStorage
0x000000000266e000 	/System/Library/Frameworks/OpenGL.framework/Versions/A/OpenGL
0x000000000266e000 	/System/Library/PrivateFrameworks/Sharing.framework/Versions/A/Sharing
0x000000000266e000 	/System/Library/Frameworks/CoreGraphics.framework/Versions/A/CoreGraphics
0x000000000266e000 	/System/Library/Frameworks/CoreImage.framework/Versions/A/CoreImage
0x000000000266e000 	/System/Library/Frameworks/CoreText.framework/Versions/A/CoreText
0x000000000266e000 	/System/Library/Frameworks/ImageIO.framework/Versions/A/ImageIO
0x000000000266e000 	/System/Library/PrivateFrameworks/Backup.framework/Versions/A/Backup
0x000000000266e000 	/usr/lib/libextension.dylib
0x000000000266e000 	/usr/lib/libarchive.2.dylib
0x000000010dc64000 	/System/Library/Frameworks/CFNetwork.framework/Versions/A/CFNetwork
0x000000000266e000 	/System/Library/Frameworks/SystemConfiguration.framework/Versions/A/SystemConfiguration
0x000000000266e000 	/usr/lib/libCRFSuite.dylib
0x000000000266e000 	/usr/lib/libc++.1.dylib
0x000000000266e000 	/usr/lib/libc++abi.dylib
0x000000000266e000 	/usr/lib/system/libcache.dylib
0x000000000266e000 	/usr/lib/system/libcommonCrypto.dylib
0x000000000266e000 	/usr/lib/system/libcompiler_rt.dylib
0x000000000266e000 	/usr/lib/system/libcopyfile.dylib
0x000000000266e000 	/usr/lib/system/libcorecrypto.dylib
0x000000000266e000 	/usr/lib/system/libdispatch.dylib
0x000000000266e000 	/usr/lib/system/libdyld.dylib
0x000000000266e000 	/usr/lib/system/libkeymgr.dylib
0x000000000266e000 	/usr/lib/system/liblaunch.dylib
0x000000000266e000 	/usr/lib/system/libmacho.dylib
0x000000000266e000 	/usr/lib/system/libquarantine.dylib
0x000000000266e000 	/usr/lib/system/libremovefile.dylib
0x000000000266e000 	/usr/lib/system/libsystem_asl.dylib
0x000000000266e000 	/usr/lib/system/libsystem_blocks.dylib
0x000000000266e000 	/usr/lib/system/libsystem_c.dylib
0x000000000266e000 	/usr/lib/system/libsystem_configuration.dylib
0x000000000266e000 	/usr/lib/system/libsystem_coreservices.dylib
0x000000000266e000 	/usr/lib/system/libsystem_coretls.dylib
0x000000000266e000 	/usr/lib/system/libsystem_dnssd.dylib
0x000000000266e000 	/usr/lib/system/libsystem_info.dylib
0x000000000266e000 	/usr/lib/system/libsystem_kernel.dylib
0x000000000266e000 	/usr/lib/system/libsystem_m.dylib
0x000000000266e000 	/usr/lib/system/libsystem_malloc.dylib
0x000000000266e000 	/usr/lib/system/libsystem_network.dylib
0x000000000266e000 	/usr/lib/system/libsystem_networkextension.dylib
0x000000000266e000 	/usr/lib/system/libsystem_notify.dylib
0x000000000266e000 	/usr/lib/system/libsystem_platform.dylib
0x000000000266e000 	/usr/lib/system/libsystem_pthread.dylib
0x000000000266e000 	/usr/lib/system/libsystem_sandbox.dylib
0x000000000266e000 	/usr/lib/system/libsystem_secinit.dylib
0x000000000266e000 	/usr/lib/system/libsystem_trace.dylib
0x000000000266e000 	/usr/lib/system/libunc.dylib
0x000000000266e000 	/usr/lib/system/libunwind.dylib
0x000000000266e000 	/usr/lib/system/libxpc.dylib
0x000000000266e000 	/usr/lib/libenergytrace.dylib
0x000000000266e000 	/usr/lib/libbsm.0.dylib
0x000000000266e000 	/usr/lib/system/libkxld.dylib
0x000000000266e000 	/usr/lib/libxar.1.dylib
0x000000000266e000 	/usr/lib/libsqlite3.dylib
0x000000000266e000 	/usr/lib/libpam.2.dylib
0x000000000266e000 	/usr/lib/libOpenScriptingUtil.dylib
0x000000000266e000 	/usr/lib/libbz2.1.0.dylib
0x000000000266e000 	/usr/lib/liblzma.5.dylib
0x000000000266e000 	/System/Library/Frameworks/CoreServices.framework/Versions/A/Frameworks/FSEvents.framework/Versions/A/FSEvents
0x000000000266e000 	/System/Library/Frameworks/CoreServices.framework/Versions/A/Frameworks/CarbonCore.framework/Versions/A/CarbonCore
0x000000000266e000 	/System/Library/Frameworks/CoreServices.framework/Versions/A/Frameworks/Metadata.framework/Versions/A/Metadata
0x000000000266e000 	/System/Library/Frameworks/CoreServices.framework/Versions/A/Frameworks/OSServices.framework/Versions/A/OSServices
0x000000000266e000 	/System/Library/Frameworks/CoreServices.framework/Versions/A/Frameworks/SearchKit.framework/Versions/A/SearchKit
0x000000000266e000 	/System/Library/Frameworks/CoreServices.framework/Versions/A/Frameworks/AE.framework/Versions/A/AE
0x000000000266e000 	/System/Library/Frameworks/CoreServices.framework/Versions/A/Frameworks/LaunchServices.framework/Versions/A/LaunchServices
0x000000000266e000 	/System/Library/Frameworks/CoreServices.framework/Versions/A/Frameworks/DictionaryServices.framework/Versions/A/DictionaryServices
0x000000000266e000 	/System/Library/Frameworks/CoreServices.framework/Versions/A/Frameworks/SharedFileList.framework/Versions/A/SharedFileList
0x000000000266e000 	/System/Library/Frameworks/NetFS.framework/Versions/A/NetFS
0x000000000266e000 	/System/Library/PrivateFrameworks/NetAuth.framework/Versions/A/NetAuth
0x000000000266e000 	/System/Library/PrivateFrameworks/login.framework/Versions/A/Frameworks/loginsupport.framework/Versions/A/loginsupport
0x000000000266e000 	/System/Library/PrivateFrameworks/TCC.framework/Versions/A/TCC
0x000000000266e000 	/usr/lib/libmecabra.dylib
0x000000000266e000 	/System/Library/Frameworks/ApplicationServices.framework/Versions/A/Frameworks/ATS.framework/Versions/A/ATS
0x000000000266e000 	/System/Library/Frameworks/ApplicationServices.framework/Versions/A/Frameworks/ColorSync.framework/Versions/A/ColorSync
0x000000000266e000 	/System/Library/Frameworks/ApplicationServices.framework/Versions/A/Frameworks/HIServices.framework/Versions/A/HIServices
0x000000000266e000 	/System/Library/Frameworks/ApplicationServices.framework/Versions/A/Frameworks/LangAnalysis.framework/Versions/A/LangAnalysis
0x000000000266e000 	/System/Library/Frameworks/ApplicationServices.framework/Versions/A/Frameworks/PrintCore.framework/Versions/A/PrintCore
0x000000000266e000 	/System/Library/Frameworks/ApplicationServices.framework/Versions/A/Frameworks/QD.framework/Versions/A/QD
0x000000000266e000 	/System/Library/Frameworks/ApplicationServices.framework/Versions/A/Frameworks/SpeechSynthesis.framework/Versions/A/SpeechSynthesis
0x000000000266e000 	/System/Library/Frameworks/Metal.framework/Versions/A/Metal
0x000000000266e000 	/System/Library/Frameworks/Accelerate.framework/Versions/A/Frameworks/vImage.framework/Versions/A/vImage
0x000000000266e000 	/System/Library/Frameworks/Accelerate.framework/Versions/A/Frameworks/vecLib.framework/Versions/A/vecLib
0x000000000266e000 	/System/Library/Frameworks/Accelerate.framework/Versions/A/Frameworks/vecLib.framework/Versions/A/libvDSP.dylib
0x000000000266e000 	/System/Library/Frameworks/Accelerate.framework/Versions/A/Frameworks/vecLib.framework/Versions/A/libvMisc.dylib
0x000000000266e000 	/System/Library/Frameworks/Accelerate.framework/Versions/A/Frameworks/vecLib.framework/Versions/A/libLAPACK.dylib
0x000000000266e000 	/System/Library/Frameworks/Accelerate.framework/Versions/A/Frameworks/vecLib.framework/Versions/A/libBLAS.dylib
0x000000000266e000 	/System/Library/Frameworks/Accelerate.framework/Versions/A/Frameworks/vecLib.framework/Versions/A/libLinearAlgebra.dylib
0x000000000266e000 	/System/Library/Frameworks/Accelerate.framework/Versions/A/Frameworks/vecLib.framework/Versions/A/libSparseBLAS.dylib
0x000000000266e000 	/System/Library/PrivateFrameworks/GPUCompiler.framework/libmetal_timestamp.dylib
0x000000000266e000 	/System/Library/Frameworks/OpenGL.framework/Versions/A/Libraries/libCoreFSCache.dylib
0x000000000266e000 	/System/Library/PrivateFrameworks/IOAccelerator.framework/Versions/A/IOAccelerator
0x000000000266e000 	/System/Library/Frameworks/ApplicationServices.framework/Versions/A/Frameworks/ATS.framework/Versions/A/Resources/libFontParser.dylib
0x000000000266e000 	/System/Library/Frameworks/ApplicationServices.framework/Versions/A/Frameworks/ATS.framework/Versions/A/Resources/libFontRegistry.dylib
0x000000000266e000 	/System/Library/PrivateFrameworks/AppleVPA.framework/Versions/A/AppleVPA
0x000000000266e000 	/System/Library/PrivateFrameworks/AppleJPEG.framework/Versions/A/AppleJPEG
0x000000000266e000 	/System/Library/Frameworks/ImageIO.framework/Versions/A/Resources/libJPEG.dylib
0x000000000266e000 	/System/Library/Frameworks/ImageIO.framework/Versions/A/Resources/libTIFF.dylib
0x000000000266e000 	/System/Library/Frameworks/ImageIO.framework/Versions/A/Resources/libPng.dylib
0x000000000266e000 	/System/Library/Frameworks/ImageIO.framework/Versions/A/Resources/libGIF.dylib
0x000000000266e000 	/System/Library/Frameworks/ImageIO.framework/Versions/A/Resources/libJP2.dylib
0x000000000266e000 	/System/Library/Frameworks/ImageIO.framework/Versions/A/Resources/libRadiance.dylib
0x000000000266e000 	/System/Library/Frameworks/CoreVideo.framework/Versions/A/CoreVideo
0x000000000266e000 	/System/Library/Frameworks/OpenGL.framework/Versions/A/Libraries/libGLU.dylib
0x000000000266e000 	/System/Library/Frameworks/OpenGL.framework/Versions/A/Libraries/libGFXShared.dylib
0x000000000266e000 	/System/Library/Frameworks/OpenGL.framework/Versions/A/Libraries/libGL.dylib
0x000000000266e000 	/System/Library/Frameworks/OpenGL.framework/Versions/A/Libraries/libGLImage.dylib
0x000000000266e000 	/System/Library/Frameworks/OpenGL.framework/Versions/A/Libraries/libCVMSPluginSupport.dylib
0x000000000266e000 	/System/Library/Frameworks/OpenGL.framework/Versions/A/Libraries/libCoreVMClient.dylib
0x000000000266e000 	/usr/lib/libcompression.dylib
0x000000000266e000 	/usr/lib/libcups.2.dylib
0x000000000266e000 	/System/Library/Frameworks/Kerberos.framework/Versions/A/Kerberos
0x000000000266e000 	/System/Library/Frameworks/GSS.framework/Versions/A/GSS
0x000000000266e000 	/usr/lib/libresolv.9.dylib
0x000000000266e000 	/usr/lib/libiconv.2.dylib
0x000000000266e000 	/System/Library/PrivateFrameworks/Heimdal.framework/Versions/A/Heimdal
0x000000000266e000 	/usr/lib/libheimdal-asn1.dylib
0x000000000266e000 	/System/Library/Frameworks/OpenDirectory.framework/Versions/A/OpenDirectory
0x000000000266e000 	/System/Library/PrivateFrameworks/CommonAuth.framework/Versions/A/CommonAuth
0x000000000266e000 	/System/Library/Frameworks/OpenDirectory.framework/Versions/A/Frameworks/CFOpenDirectory.framework/Versions/A/CFOpenDirectory
0x000000000266e000 	/System/Library/Frameworks/SecurityFoundation.framework/Versions/A/SecurityFoundation
0x000000000266e000 	/System/Library/PrivateFrameworks/LanguageModeling.framework/Versions/A/LanguageModeling
0x000000000266e000 	/usr/lib/libmarisa.dylib
0x000000000266e000 	/usr/lib/libChineseTokenizer.dylib
0x000000000266e000 	/usr/lib/libcmph.dylib
0x000000000266e000 	/System/Library/Frameworks/ServiceManagement.framework/Versions/A/ServiceManagement
0x000000000266e000 	/usr/lib/libxslt.1.dylib
0x000000000266e000 	/System/Library/Frameworks/Carbon.framework/Versions/A/Frameworks/Ink.framework/Versions/A/Ink
0x000000000266e000 	/usr/lib/libFosl_dynamic.dylib
0x000000000266e000 	/System/Library/PrivateFrameworks/FaceCore.framework/Versions/A/FaceCore
0x000000000266e000 	/System/Library/Frameworks/OpenCL.framework/Versions/A/OpenCL
0x000000000266e000 	/System/Library/PrivateFrameworks/CrashReporterSupport.framework/Versions/A/CrashReporterSupport
0x000000000266e000 	/System/Library/PrivateFrameworks/IconServices.framework/Versions/A/IconServices
0x000000000266e000 	/System/Library/PrivateFrameworks/Apple80211.framework/Versions/A/Apple80211
0x000000000266e000 	/System/Library/Frameworks/CoreWLAN.framework/Versions/A/CoreWLAN
0x000000000266e000 	/System/Library/Frameworks/IOBluetooth.framework/Versions/A/IOBluetooth
0x000000000266e000 	/System/Library/PrivateFrameworks/CoreWiFi.framework/Versions/A/CoreWiFi
0x000000000266e000 	/System/Library/Frameworks/CoreBluetooth.framework/Versions/A/CoreBluetooth
0x000000000266e000 	/System/Library/PrivateFrameworks/ChunkingLibrary.framework/Versions/A/ChunkingLibrary
0x000000000266e000 	/System/Library/PrivateFrameworks/DebugSymbols.framework/Versions/A/DebugSymbols
0x000000000266e000 	/System/Library/PrivateFrameworks/CoreSymbolication.framework/Versions/A/CoreSymbolication
0x000000000266e000 	/System/Library/PrivateFrameworks/Symbolication.framework/Versions/A/Symbolication
0x000000000266e000 	/System/Library/PrivateFrameworks/SpeechRecognitionCore.framework/Versions/A/SpeechRecognitionCore
0x000000010e304000 	/System/Library/CoreServices/Encodings/libSimplifiedChineseConverter.dylib
0x000000010ec00000 	/Library/Java/JavaVirtualMachines/jdk1.8.0_101.jdk/Contents/Home/jre/lib/server/libjvm.dylib
0x000000000266e000 	/usr/lib/libstdc++.6.dylib
0x000000010e34a000 	/Library/Java/JavaVirtualMachines/jdk1.8.0_101.jdk/Contents/Home/jre/lib/libverify.dylib
0x000000010e358000 	/Library/Java/JavaVirtualMachines/jdk1.8.0_101.jdk/Contents/Home/jre/lib/libjava.dylib
0x000000010e396000 	/Library/Java/JavaVirtualMachines/jdk1.8.0_101.jdk/Contents/Home/jre/lib/libzip.dylib
0x00000001254b0000 	/System/Library/Frameworks/JavaVM.framework/Frameworks/JavaRuntimeSupport.framework/JavaRuntimeSupport
0x00000001254cb000 	/System/Library/Frameworks/JavaVM.framework/Versions/A/Frameworks/JavaNativeFoundation.framework/Versions/A/JavaNativeFoundation
0x000000010e3f0000 	/System/Library/Frameworks/JavaVM.framework/Versions/A/JavaVM
0x000000000266e000 	/System/Library/Frameworks/Carbon.framework/Versions/A/Carbon
0x00000001254e0000 	/System/Library/PrivateFrameworks/JavaLaunching.framework/Versions/A/JavaLaunching
0x000000000266e000 	/System/Library/Frameworks/Carbon.framework/Versions/A/Frameworks/CommonPanels.framework/Versions/A/CommonPanels
0x000000000266e000 	/System/Library/Frameworks/Carbon.framework/Versions/A/Frameworks/Help.framework/Versions/A/Help
0x000000000266e000 	/System/Library/Frameworks/Carbon.framework/Versions/A/Frameworks/ImageCapture.framework/Versions/A/ImageCapture
0x000000000266e000 	/System/Library/Frameworks/Carbon.framework/Versions/A/Frameworks/OpenScripting.framework/Versions/A/OpenScripting
0x000000000266e000 	/System/Library/Frameworks/Carbon.framework/Versions/A/Frameworks/Print.framework/Versions/A/Print
0x000000000266e000 	/System/Library/Frameworks/Carbon.framework/Versions/A/Frameworks/SecurityHI.framework/Versions/A/SecurityHI
0x00000001271f7000 	/Users/tony/.swt/lib/macosx/x86_64/libswt-cocoa-4527.jnilib
0x0000000127244000 	/System/Library/Frameworks/WebKit.framework/Versions/A/WebKit
0x0000000127904000 	/System/Library/Frameworks/JavaScriptCore.framework/Versions/A/JavaScriptCore
0x000000000266e000 	/System/Library/Frameworks/SecurityInterface.framework/Versions/A/SecurityInterface
0x0000000128143000 	/System/Library/Frameworks/WebKit.framework/Versions/A/Frameworks/WebKitLegacy.framework/Versions/A/WebKitLegacy
0x00000001283a0000 	/System/Library/Frameworks/WebKit.framework/Versions/A/Frameworks/WebCore.framework/Versions/A/WebCore
0x0000000129e95000 	/Users/tony/.swt/lib/macosx/x86_64/libswt-pi-cocoa-4527.jnilib
0x000000000266e000 	/System/Library/PrivateFrameworks/CoreServicesInternal.framework/Versions/A/CoreServicesInternal
0x000000012a6e5000 	/System/Library/Frameworks/CoreGraphics.framework/Versions/A/Resources/libCGXType.A.dylib
0x000000000266e000 	/System/Library/Frameworks/Accelerate.framework/Versions/A/Frameworks/vImage.framework/Versions/A/Libraries/libCGInterfaces.dylib
0x000000012f603000 	/System/Library/Frameworks/CoreGraphics.framework/Versions/A/Resources/libRIP.A.dylib
0x000000000266e000 	/System/Library/PrivateFrameworks/FamilyControls.framework/Versions/A/FamilyControls
0x000000000266e000 	/System/Library/PrivateFrameworks/CommerceKit.framework/Versions/A/Frameworks/CommerceCore.framework/Versions/A/CommerceCore
0x000000000266e000 	/System/Library/PrivateFrameworks/SystemAdministration.framework/Versions/A/SystemAdministration
0x000000000266e000 	/System/Library/PrivateFrameworks/AppContainer.framework/Versions/A/AppContainer
0x000000000266e000 	/System/Library/PrivateFrameworks/SecCodeWrapper.framework/Versions/A/SecCodeWrapper
0x000000000266e000 	/System/Library/Frameworks/DirectoryService.framework/Versions/A/DirectoryService
0x000000000266e000 	/System/Library/PrivateFrameworks/DiskImages.framework/Versions/A/DiskImages
0x000000000266e000 	/System/Library/PrivateFrameworks/LoginUIKit.framework/Versions/A/Frameworks/LoginUICore.framework/Versions/A/LoginUICore
0x000000000266e000 	/usr/lib/libCoreStorage.dylib
0x000000000266e000 	/usr/lib/libcsfde.dylib
0x000000000266e000 	/usr/lib/libodfde.dylib
0x000000000266e000 	/System/Library/Frameworks/DiscRecording.framework/Versions/A/DiscRecording
0x000000000266e000 	/usr/lib/libcurl.4.dylib
0x000000000266e000 	/System/Library/PrivateFrameworks/MediaKit.framework/Versions/A/MediaKit
0x000000000266e000 	/System/Library/PrivateFrameworks/ProtectedCloudStorage.framework/Versions/A/ProtectedCloudStorage
0x000000000266e000 	/System/Library/PrivateFrameworks/EFILogin.framework/Versions/A/EFILogin
0x000000000266e000 	/usr/lib/libutil.dylib
0x000000000266e000 	/System/Library/PrivateFrameworks/FindMyDevice.framework/Versions/A/FindMyDevice
0x000000000266e000 	/System/Library/Frameworks/LDAP.framework/Versions/A/LDAP
0x000000000266e000 	/usr/lib/libsasl2.2.dylib
0x000000000266e000 	/System/Library/PrivateFrameworks/CoreDaemon.framework/Versions/B/CoreDaemon
0x000000000266e000 	/usr/lib/libcrypto.0.9.8.dylib
0x000000000266e000 	/System/Library/PrivateFrameworks/AppleSRP.framework/Versions/A/AppleSRP
0x000000000266e000 	/System/Library/PrivateFrameworks/TrustEvaluationAgent.framework/Versions/A/TrustEvaluationAgent
0x000000000266e000 	/System/Library/Frameworks/OpenCL.framework/Versions/A/Libraries/libcldcpuengine.dylib
0x00000001329f5000 	cl_kernels
0x000000000266e000 	/System/Library/Frameworks/OpenCL.framework/Versions/A/Libraries/ImageFormats/unorm8_bgra.dylib
0x000000000266e000 	/System/Library/Frameworks/OpenCL.framework/Versions/A/Libraries/ImageFormats/unorm8_rgba.dylib
0x0000000132ae4000 	/System/Library/Frameworks/CoreGraphics.framework/Versions/A/Resources/libCGXCoreImage.A.dylib
0x0000000132afe000 	cl_kernels
0x000000000266e000 	/System/Library/PrivateFrameworks/CloudDocs.framework/Versions/A/CloudDocs
0x000000000266e000 	/System/Library/PrivateFrameworks/CoreDuet.framework/Versions/A/CoreDuet
0x000000000266e000 	/System/Library/Frameworks/CloudKit.framework/Versions/A/CloudKit
0x000000000266e000 	/System/Library/PrivateFrameworks/ProtocolBuffer.framework/Versions/A/ProtocolBuffer
0x000000000266e000 	/System/Library/PrivateFrameworks/CoreDuetDaemonProtocol.framework/Versions/A/CoreDuetDaemonProtocol
0x000000000266e000 	/System/Library/PrivateFrameworks/CoreDuetDebugLogging.framework/Versions/A/CoreDuetDebugLogging
0x000000000266e000 	/System/Library/PrivateFrameworks/MMCS.framework/Versions/A/MMCS
0x000000000266e000 	/System/Library/Frameworks/CoreLocation.framework/Versions/A/CoreLocation
0x000000000266e000 	/System/Library/PrivateFrameworks/AssetCacheServices.framework/Versions/A/AssetCacheServices
0x000000000266e000 	/System/Library/PrivateFrameworks/GeoServices.framework/Versions/A/GeoServices
0x000000000266e000 	/System/Library/PrivateFrameworks/DataDetectors.framework/Versions/A/DataDetectors
0x000000000266e000 	/System/Library/Frameworks/AddressBook.framework/Versions/A/AddressBook
0x000000000266e000 	/System/Library/Frameworks/Quartz.framework/Versions/A/Quartz
0x000000000266e000 	/System/Library/PrivateFrameworks/ContactsPersistence.framework/Versions/A/ContactsPersistence
0x000000000266e000 	/System/Library/PrivateFrameworks/ContactsFoundation.framework/Versions/A/ContactsFoundation
0x000000000266e000 	/System/Library/PrivateFrameworks/vCard.framework/Versions/A/vCard
0x000000000266e000 	/System/Library/PrivateFrameworks/IntlPreferences.framework/Versions/A/IntlPreferences
0x000000000266e000 	/System/Library/PrivateFrameworks/ToneLibrary.framework/Versions/A/ToneLibrary
0x000000000266e000 	/System/Library/PrivateFrameworks/ToneKit.framework/Versions/A/ToneKit
0x000000000266e000 	/System/Library/PrivateFrameworks/ApplePushService.framework/Versions/A/ApplePushService
0x000000000266e000 	/System/Library/PrivateFrameworks/PhoneNumbers.framework/Versions/A/PhoneNumbers
0x000000000266e000 	/System/Library/PrivateFrameworks/ViewBridge.framework/Versions/A/ViewBridge
0x000000000266e000 	/System/Library/Frameworks/AVFoundation.framework/Versions/A/AVFoundation
0x000000000266e000 	/System/Library/Frameworks/AVFoundation.framework/Versions/A/Resources/libAVFAudio.dylib
0x000000000266e000 	/System/Library/Frameworks/CoreMedia.framework/Versions/A/CoreMedia
0x000000000266e000 	/System/Library/Frameworks/MediaToolbox.framework/Versions/A/MediaToolbox
0x000000000266e000 	/System/Library/Frameworks/VideoToolbox.framework/Versions/A/VideoToolbox
0x000000000266e000 	/System/Library/Frameworks/CoreMediaIO.framework/Versions/A/CoreMediaIO
0x000000000266e000 	/usr/lib/libspindump.dylib
0x000000000266e000 	/System/Library/PrivateFrameworks/CoreAVCHD.framework/Versions/A/CoreAVCHD
0x000000000266e000 	/System/Library/Frameworks/MediaAccessibility.framework/Versions/A/MediaAccessibility
0x000000000266e000 	/System/Library/PrivateFrameworks/Mangrove.framework/Versions/A/Mangrove
0x000000000266e000 	/System/Library/PrivateFrameworks/CoreAUC.framework/Versions/A/CoreAUC
0x000000000266e000 	/System/Library/PrivateFrameworks/AppleVA.framework/Versions/A/AppleVA
0x000000000266e000 	/System/Library/PrivateFrameworks/XPCService.framework/Versions/A/XPCService
0x000000000266e000 	/System/Library/PrivateFrameworks/AppSandbox.framework/Versions/A/AppSandbox
0x00000001338b5000 	/usr/lib/libsandbox.1.dylib
0x000000000266e000 	/usr/lib/libMatch.1.dylib
0x000000000266e000 	/System/Library/Frameworks/Quartz.framework/Versions/A/Frameworks/QuartzComposer.framework/Versions/A/QuartzComposer
0x000000000266e000 	/System/Library/Frameworks/Quartz.framework/Versions/A/Frameworks/PDFKit.framework/Versions/A/PDFKit
0x000000000266e000 	/System/Library/Frameworks/Quartz.framework/Versions/A/Frameworks/QuartzFilters.framework/Versions/A/QuartzFilters
0x000000000266e000 	/System/Library/Frameworks/Quartz.framework/Versions/A/Frameworks/ImageKit.framework/Versions/A/ImageKit
0x000000000266e000 	/System/Library/Frameworks/Quartz.framework/Versions/A/Frameworks/QuickLookUI.framework/Versions/A/QuickLookUI
0x000000000266e000 	/System/Library/Frameworks/QTKit.framework/Versions/A/QTKit
0x000000000266e000 	/System/Library/PrivateFrameworks/AppleSystemInfo.framework/Versions/A/AppleSystemInfo
0x000000000266e000 	/System/Library/PrivateFrameworks/CoreMediaAuthoring.framework/Versions/A/CoreMediaAuthoring
0x000000000266e000 	/System/Library/PrivateFrameworks/CorePDF.framework/Versions/A/CorePDF
0x000000000266e000 	/System/Library/Frameworks/QuickLook.framework/Versions/A/QuickLook
0x000000000266e000 	/System/Library/PrivateFrameworks/DisplayServices.framework/Versions/A/DisplayServices
0x000000000266e000 	/System/Library/Frameworks/ImageCaptureCore.framework/Versions/A/ImageCaptureCore
0x0000000132aee000 	/System/Library/PrivateFrameworks/SafariServices.framework/Versions/A/SafariServices
0x000000013076d000 	/System/Library/Extensions/AppleIntelBDWGraphicsMTLDriver.bundle/Contents/MacOS/AppleIntelBDWGraphicsMTLDriver
0x000000000266e000 	/System/Library/Frameworks/OpenGL.framework/Versions/A/Resources/GLEngine.bundle/GLEngine
0x000000000266e000 	/System/Library/Frameworks/OpenGL.framework/Versions/A/Libraries/libGLProgrammability.dylib
0x0000000135ab9000 	/System/Library/Extensions/AppleIntelBDWGraphicsGLDriver.bundle/Contents/MacOS/AppleIntelBDWGraphicsGLDriver
0x000000000266e000 	/System/Library/PrivateFrameworks/GPUSupport.framework/Versions/A/Libraries/libGPUSupportMercury.dylib
0x000000000266e000 	/System/Library/Frameworks/OpenGL.framework/Versions/A/Resources/GLRendererFloat.bundle/GLRendererFloat
0x000000000266e000 	/System/Library/PrivateFrameworks/Shortcut.framework/Versions/A/Shortcut
0x000000000266e000 	/System/Library/PrivateFrameworks/HelpData.framework/Versions/A/HelpData
0x000000000266e000 	/usr/lib/libtidy.A.dylib
0x000000000266e000 	/System/Library/PrivateFrameworks/FinderKit.framework/Versions/A/FinderKit
0x000000000266e000 	/System/Library/PrivateFrameworks/Bom.framework/Versions/A/Bom
0x000000000266e000 	/System/Library/PrivateFrameworks/Suggestions.framework/Versions/A/Suggestions
0x000000000266e000 	/System/Library/PrivateFrameworks/AppleFSCompression.framework/Versions/A/AppleFSCompression
0x000000000266e000 	/System/Library/PrivateFrameworks/PlugInKit.framework/Versions/A/PlugInKit
0x000000000266e000 	/System/Library/CoreServices/RawCamera.bundle/Contents/MacOS/RawCamera
0x000000000266e000 	/System/Library/PrivateFrameworks/CacheDelete.framework/Versions/A/CacheDelete
0x000000000266e000 	/System/Library/PrivateFrameworks/iLifeMediaBrowser.framework/Versions/A/iLifeMediaBrowser
0x000000000266e000 	/System/Library/Frameworks/AVKit.framework/Versions/A/AVKit
0x00000001374c0000 	/System/Library/Frameworks/Security.framework/PlugIns/csparser.bundle/Contents/MacOS/csparser

VM Arguments:
jvm_args: -Djava.library.path=bin -Dfile.encoding=UTF-8 
java_command: org.deri.nettopo.app.NetTopoApp
java_class_path (initial): /Users/tony/Documents/workspace/NetTopo_Tony/classes:/Users/tony/Documents/workspace/NetTopo_Tony/lib/org.eclipse.core.commands_3.2.0.I20060605-1400.jar:/Users/tony/Documents/workspace/NetTopo_Tony/lib/org.eclipse.equinox.common_3.2.0.v20060603.jar:/Users/tony/Documents/workspace/NetTopo_Tony/lib/org.eclipse.jface_3.2.2.M20061214-1200.jar:/Users/tony/Documents/workspace/NetTopo_Tony/lib/Jama-1.0.2.jar:/Users/tony/Documents/workspace/NetTopo_Tony/lib/jdom-1.0.jar:/Users/tony/Documents/workspace/NetTopo_Tony/lib/rome-0.9.jar:/Users/tony/Documents/workspace/NetTopo_Tony/lib/jcommon-1.0.16.jar:/Users/tony/Documents/workspace/NetTopo_Tony/lib/jfreechart-1.0.9.jar:/Users/tony/Documents/workspace/NetTopo_Tony/lib/dom4j-1.6.1.jar:/Users/tony/Documents/workspace/NetTopo_Tony/hadooplib/activation-1.1.jar:/Users/tony/Documents/workspace/NetTopo_Tony/hadooplib/apacheds-i18n-2.0.0-M15.jar:/Users/tony/Documents/workspace/NetTopo_Tony/hadooplib/apacheds-kerberos-codec-2.0.0-M15.jar:/Users/tony/Documents/workspace/NetTopo_Tony/hadooplib/api-asn1-api-1.0.0-M20.jar:/Users/tony/Documents/workspace/NetTopo_Tony/hadooplib/api-util-1.0.0-M20.jar:/Users/tony/Documents/workspace/NetTopo_Tony/hadooplib/asm-3.2.jar:/Users/tony/Documents/workspace/NetTopo_Tony/hadooplib/avro-1.7.4.jar:/Users/tony/Documents/workspace/NetTopo_Tony/hadooplib/commons-beanutils-1.7.0.jar:/Users/tony/Documents/workspace/NetTopo_Tony/hadooplib/commons-beanutils-core-1.8.0.jar:/Users/tony/Documents/workspace/NetTopo_Tony/hadooplib/commons-cli-1.2.jar:/Users/tony/Documents/workspace/NetTopo_Tony/hadooplib/commons-codec-1.4.jar:/Users/tony/Documents/workspace/NetTopo_Tony/hadooplib/commons-collections-3.2.1.jar:/Users/tony/Documents/workspace/NetTopo_Tony/hadooplib/commons-compress-1.4.1.jar:/Users/tony/Documents/workspace/NetTopo_Tony/hadooplib/commons-configuration-1.6.jar:/Users/tony/Documents/workspace/NetTopo_Tony/hadooplib/commons-digester-1.8.jar:/Users/tony/Documents/workspace/NetTo
Launcher Type: SUN_STANDARD

Environment Variables:
PATH=/usr/bin:/bin:/usr/sbin:/sbin
SHELL=/bin/bash

Signal Handlers:
SIGSEGV: [libjvm.dylib+0x5af145], sa_mask[0]=11111111011111110111111111111111, sa_flags=SA_ONSTACK|SA_RESTART|SA_SIGINFO
SIGBUS: [libjvm.dylib+0x5af145], sa_mask[0]=11111111011111110111111111111111, sa_flags=SA_RESTART|SA_SIGINFO
SIGFPE: [libjvm.dylib+0x48694c], sa_mask[0]=11111111011111110111111111111111, sa_flags=SA_RESTART|SA_SIGINFO
SIGPIPE: [libjvm.dylib+0x48694c], sa_mask[0]=11111111011111110111111111111111, sa_flags=SA_RESTART|SA_SIGINFO
SIGXFSZ: [libjvm.dylib+0x48694c], sa_mask[0]=11111111011111110111111111111111, sa_flags=SA_RESTART|SA_SIGINFO
SIGILL: [libjvm.dylib+0x48694c], sa_mask[0]=11111111011111110111111111111111, sa_flags=SA_RESTART|SA_SIGINFO
SIGUSR1: SIG_DFL, sa_mask[0]=00000000000000000000000000000000, sa_flags=none
SIGUSR2: [libjvm.dylib+0x48646a], sa_mask[0]=00100000000000000000000000000000, sa_flags=SA_RESTART|SA_SIGINFO
SIGHUP: [libjvm.dylib+0x484a41], sa_mask[0]=11111111011111110111111111111111, sa_flags=SA_RESTART|SA_SIGINFO
SIGINT: [libjvm.dylib+0x484a41], sa_mask[0]=11111111011111110111111111111111, sa_flags=SA_RESTART|SA_SIGINFO
SIGTERM: [libjvm.dylib+0x484a41], sa_mask[0]=11111111011111110111111111111111, sa_flags=SA_RESTART|SA_SIGINFO
SIGQUIT: [libjvm.dylib+0x484a41], sa_mask[0]=11111111011111110111111111111111, sa_flags=SA_RESTART|SA_SIGINFO


---------------  S Y S T E M  ---------------

OS:Bsduname:Darwin 15.6.0 Darwin Kernel Version 15.6.0: Mon Aug 29 20:21:34 PDT 2016; root:xnu-3248.60.11~1/RELEASE_X86_64 x86_64
rlimit: STACK 8192k, CORE 0k, NPROC 709, NOFILE 10240, AS infinity
load average:1.63 2.26 2.25

CPU:total 4 (2 cores per cpu, 2 threads per core) family 6 model 61 stepping 4, cmov, cx8, fxsr, mmx, sse, sse2, sse3, ssse3, sse4.1, sse4.2, popcnt, avx, avx2, aes, clmul, erms, 3dnowpref, lzcnt, ht, tsc, tscinvbit, bmi1, bmi2, adx

Memory: 4k page, physical 8388608k(70160k free)

/proc/meminfo:


vm_info: Java HotSpot(TM) 64-Bit Server VM (25.101-b13) for bsd-amd64 JRE (1.8.0_101-b13), built on Jun 22 2016 02:42:15 by "java_re" with gcc 4.2.1 (Based on Apple Inc. build 5658) (LLVM build 2336.11.00)

time: Mon Sep  5 23:40:05 2016
elapsed time: 61 seconds (0d 0h 1m 1s)

